app/build/outputs/logs/manifest-merger-debug-report.txt
-- Merging decision tree log ---
manifest
ADDED from src\main\AndroidManifest.xml:2:1-67:12
INJECTED from src\main\AndroidManifest.xml:2:1-67:12
INJECTED from src\main\AndroidManifest.xml:2:1-67:12
INJECTED from src\main\AndroidManifest.xml:2:1-67:12
MERGED from [com.firebaseui:firebase-ui-database:1.2.0] AndroidManifest.xml:2:1-19:12
MERGED from [com.iceteck.silicompressorr:silicompressor:2.0] AndroidManifest.xml:2:1-20:12
MERGED from [com.android.support:design:28.0.0] AndroidManifest.xml:17:1-24:12
MERGED from [com.android.support:appcompat-v7:28.0.0] AndroidManifest.xml:17:1-22:12
MERGED from [com.android.support.constraint:constraint-layout:1.1.3] AndroidManifest.xml:2:1-11:12
MERGED from [com.google.firebase:firebase-auth:17.0.0] AndroidManifest.xml:17:1-42:12
MERGED from [de.hdodenhof:circleimageview:3.0.0] AndroidManifest.xml:2:1-11:12
MERGED from [com.google.firebase:firebase-database:17.0.0] AndroidManifest.xml:15:1-36:12
MERGED from [com.firebaseui:firebase-ui-storage:4.3.1] AndroidManifest.xml:2:1-11:12
MERGED from [id.zelory:compressor:2.0.0] AndroidManifest.xml:2:1-12:12
MERGED from [com.google.firebase:firebase-storage:17.0.0] AndroidManifest.xml:15:1-37:12
MERGED from [com.google.firebase:firebase-messaging:18.0.0] AndroidManifest.xml:17:1-37:12
MERGED from [com.android.support:recyclerview-v7:28.0.0] AndroidManifest.xml:17:1-22:12
MERGED from [com.github.bumptech.glide:glide:4.8.0] AndroidManifest.xml:2:1-12:12
MERGED from [com.google.android.gms:play-services-flags:16.0.1] AndroidManifest.xml:17:1-22:12
MERGED from [com.google.firebase:firebase-auth-interop:17.0.0] AndroidManifest.xml:2:1-10:12
MERGED from [com.google.firebase:firebase-iid:18.0.0] AndroidManifest.xml:17:1-47:12
MERGED from [com.google.firebase:firebase-iid-interop:16.0.1] AndroidManifest.xml:2:1-10:12
MERGED from [com.google.android.gms:play-services-base:16.0.1] AndroidManifest.xml:17:1-29:12
MERGED from [com.google.firebase:firebase-common:17.0.0] AndroidManifest.xml:2:1-19:12
MERGED from [com.google.android.gms:play-services-tasks:16.0.1] AndroidManifest.xml:2:1-9:12
MERGED from [com.google.firebase:firebase-measurement-connector:17.0.1] AndroidManifest.xml:17:1-25:12
MERGED from [com.google.android.gms:play-services-stats:16.0.1] AndroidManifest.xml:2:1-9:12
MERGED from [com.google.android.gms:play-services-basement:16.1.0] AndroidManifest.xml:17:1-28:12
MERGED from [com.android.support:support-v4:28.0.0] AndroidManifest.xml:17:1-22:12
MERGED from [com.android.support:support-fragment:28.0.0] AndroidManifest.xml:17:1-22:12
MERGED from [com.android.support:animated-vector-drawable:28.0.0] AndroidManifest.xml:17:1-22:12
MERGED from [com.android.support:support-core-ui:28.0.0] AndroidManifest.xml:17:1-22:12
MERGED from [com.android.support:support-core-utils:28.0.0] AndroidManifest.xml:17:1-22:12
MERGED from [com.android.support:support-vector-drawable:28.0.0] AndroidManifest.xml:17:1-22:12
MERGED from [com.android.support:transition:28.0.0] AndroidManifest.xml:17:1-22:12
MERGED from [com.android.support:loader:28.0.0] AndroidManifest.xml:17:1-22:12
MERGED from [com.android.support:support-media-compat:28.0.0] AndroidManifest.xml:17:1-22:12
MERGED from [com.android.support:viewpager:28.0.0] AndroidManifest.xml:17:1-22:12
MERGED from [com.android.support:coordinatorlayout:28.0.0] AndroidManifest.xml:17:1-22:12
MERGED from [com.android.support:drawerlayout:28.0.0] AndroidManifest.xml:17:1-22:12
MERGED from [com.android.support:slidingpanelayout:28.0.0] AndroidManifest.xml:17:1-22:12
MERGED from [com.android.support:customview:28.0.0] AndroidManifest.xml:17:1-22:12
MERGED from [com.android.support:swiperefreshlayout:28.0.0] AndroidManifest.xml:17:1-22:12
MERGED from [com.android.support:asynclayoutinflater:28.0.0] AndroidManifest.xml:17:1-22:12
MERGED from [com.android.support:support-compat:28.0.0] AndroidManifest.xml:17:1-24:12
MERGED from [com.android.support:versionedparcelable:28.0.0] AndroidManifest.xml:17:1-25:12
MERGED from [com.android.support:cursoradapter:28.0.0] AndroidManifest.xml:17:1-22:12
MERGED from [com.android.support:cardview-v7:28.0.0] AndroidManifest.xml:17:1-22:12
MERGED from [android.arch.lifecycle:runtime:1.1.1] AndroidManifest.xml:17:1-22:12
MERGED from [com.android.support:documentfile:28.0.0] AndroidManifest.xml:17:1-22:12
MERGED from [com.android.support:localbroadcastmanager:28.0.0] AndroidManifest.xml:17:1-22:12
MERGED from [com.android.support:print:28.0.0] AndroidManifest.xml:17:1-22:12
MERGED from [android.arch.lifecycle:viewmodel:1.1.1] AndroidManifest.xml:17:1-22:12
MERGED from [com.github.bumptech.glide:gifdecoder:4.8.0] AndroidManifest.xml:2:1-11:12
MERGED from [com.android.support:interpolator:28.0.0] AndroidManifest.xml:17:1-22:12
MERGED from [android.arch.lifecycle:livedata:1.1.1] AndroidManifest.xml:17:1-22:12
MERGED from [android.arch.lifecycle:livedata-core:1.1.1] AndroidManifest.xml:17:1-22:12
MERGED from [android.arch.core:runtime:1.1.1] AndroidManifest.xml:17:1-22:12
MERGED from [com.google.firebase:firebase-database-collection:16.0.1] AndroidManifest.xml:2:1-7:12
INJECTED from src\main\AndroidManifest.xml:2:1-67:12
INJECTED from src\main\AndroidManifest.xml:2:1-67:12
INJECTED from src\main\AndroidManifest.xml:2:1-67:12
	package
		ADDED from src\main\AndroidManifest.xml:3:5-33
		INJECTED from src\main\AndroidManifest.xml
		INJECTED from src\main\AndroidManifest.xml
	android:versionName
		INJECTED from src\main\AndroidManifest.xml
		ADDED from src\main\AndroidManifest.xml:2:1-67:12
		INJECTED from src\main\AndroidManifest.xml
	android:versionCode
		INJECTED from src\main\AndroidManifest.xml
		ADDED from src\main\AndroidManifest.xml:2:1-67:12
		INJECTED from src\main\AndroidManifest.xml
	xmlns:android
		ADDED from src\main\AndroidManifest.xml:2:11-69
uses-permission#android.permission.READ_EXTERNAL_STORAGE
ADDED from src\main\AndroidManifest.xml:5:5-80
MERGED from [com.iceteck.silicompressorr:silicompressor:2.0] AndroidManifest.xml:11:5-80
MERGED from [com.iceteck.silicompressorr:silicompressor:2.0] AndroidManifest.xml:11:5-80
	android:name
		ADDED from src\main\AndroidManifest.xml:5:22-77
uses-permission#android.permission.WRITE_EXTERNAL_STORAGE
ADDED from src\main\AndroidManifest.xml:6:5-81
MERGED from [com.iceteck.silicompressorr:silicompressor:2.0] AndroidManifest.xml:12:5-81
MERGED from [com.iceteck.silicompressorr:silicompressor:2.0] AndroidManifest.xml:12:5-81
	android:name
		ADDED from src\main\AndroidManifest.xml:6:22-78
uses-permission#android.permission.INTERNET
ADDED from src\main\AndroidManifest.xml:7:5-67
MERGED from [com.firebaseui:firebase-ui-database:1.2.0] AndroidManifest.xml:11:5-67
MERGED from [com.firebaseui:firebase-ui-database:1.2.0] AndroidManifest.xml:11:5-67
MERGED from [com.google.firebase:firebase-database:17.0.0] AndroidManifest.xml:26:5-67
MERGED from [com.google.firebase:firebase-database:17.0.0] AndroidManifest.xml:26:5-67
MERGED from [com.google.firebase:firebase-storage:17.0.0] AndroidManifest.xml:27:5-67
MERGED from [com.google.firebase:firebase-storage:17.0.0] AndroidManifest.xml:27:5-67
MERGED from [com.google.firebase:firebase-iid:18.0.0] AndroidManifest.xml:23:5-67
MERGED from [com.google.firebase:firebase-iid:18.0.0] AndroidManifest.xml:23:5-67
	android:name
		ADDED from src\main\AndroidManifest.xml:7:22-64
application
ADDED from src\main\AndroidManifest.xml:9:5-65:19
MERGED from [com.firebaseui:firebase-ui-database:1.2.0] AndroidManifest.xml:13:5-17:19
MERGED from [com.firebaseui:firebase-ui-database:1.2.0] AndroidManifest.xml:13:5-17:19
MERGED from [com.iceteck.silicompressorr:silicompressor:2.0] AndroidManifest.xml:14:5-18:19
MERGED from [com.iceteck.silicompressorr:silicompressor:2.0] AndroidManifest.xml:14:5-18:19
MERGED from [com.android.support:design:28.0.0] AndroidManifest.xml:22:5-20
MERGED from [com.android.support:design:28.0.0] AndroidManifest.xml:22:5-20
MERGED from [com.android.support.constraint:constraint-layout:1.1.3] AndroidManifest.xml:9:5-20
MERGED from [com.android.support.constraint:constraint-layout:1.1.3] AndroidManifest.xml:9:5-20
MERGED from [com.google.firebase:firebase-auth:17.0.0] AndroidManifest.xml:23:5-40:19
MERGED from [com.google.firebase:firebase-auth:17.0.0] AndroidManifest.xml:23:5-40:19
MERGED from [de.hdodenhof:circleimageview:3.0.0] AndroidManifest.xml:9:5-20
MERGED from [de.hdodenhof:circleimageview:3.0.0] AndroidManifest.xml:9:5-20
MERGED from [com.google.firebase:firebase-database:17.0.0] AndroidManifest.xml:28:5-34:19
MERGED from [com.google.firebase:firebase-database:17.0.0] AndroidManifest.xml:28:5-34:19
MERGED from [com.google.firebase:firebase-storage:17.0.0] AndroidManifest.xml:29:5-35:19
MERGED from [com.google.firebase:firebase-storage:17.0.0] AndroidManifest.xml:29:5-35:19
MERGED from [com.google.firebase:firebase-messaging:18.0.0] AndroidManifest.xml:22:5-35:19
MERGED from [com.google.firebase:firebase-messaging:18.0.0] AndroidManifest.xml:22:5-35:19
MERGED from [com.github.bumptech.glide:glide:4.8.0] AndroidManifest.xml:10:5-20
MERGED from [com.github.bumptech.glide:glide:4.8.0] AndroidManifest.xml:10:5-20
MERGED from [com.google.firebase:firebase-auth-interop:17.0.0] AndroidManifest.xml:7:5-8:19
MERGED from [com.google.firebase:firebase-auth-interop:17.0.0] AndroidManifest.xml:7:5-8:19
MERGED from [com.google.firebase:firebase-iid:18.0.0] AndroidManifest.xml:28:5-45:19
MERGED from [com.google.firebase:firebase-iid:18.0.0] AndroidManifest.xml:28:5-45:19
MERGED from [com.google.firebase:firebase-iid-interop:16.0.1] AndroidManifest.xml:7:5-8:19
MERGED from [com.google.firebase:firebase-iid-interop:16.0.1] AndroidManifest.xml:7:5-8:19
MERGED from [com.google.android.gms:play-services-base:16.0.1] AndroidManifest.xml:22:5-27:19
MERGED from [com.google.android.gms:play-services-base:16.0.1] AndroidManifest.xml:22:5-27:19
MERGED from [com.google.firebase:firebase-common:17.0.0] AndroidManifest.xml:11:5-17:19
MERGED from [com.google.firebase:firebase-common:17.0.0] AndroidManifest.xml:11:5-17:19
MERGED from [com.google.android.gms:play-services-tasks:16.0.1] AndroidManifest.xml:7:5-20
MERGED from [com.google.android.gms:play-services-tasks:16.0.1] AndroidManifest.xml:7:5-20
MERGED from [com.google.firebase:firebase-measurement-connector:17.0.1] AndroidManifest.xml:22:5-23:19
MERGED from [com.google.firebase:firebase-measurement-connector:17.0.1] AndroidManifest.xml:22:5-23:19
MERGED from [com.google.android.gms:play-services-stats:16.0.1] AndroidManifest.xml:7:5-20
MERGED from [com.google.android.gms:play-services-stats:16.0.1] AndroidManifest.xml:7:5-20
MERGED from [com.google.android.gms:play-services-basement:16.1.0] AndroidManifest.xml:22:5-26:19
MERGED from [com.google.android.gms:play-services-basement:16.1.0] AndroidManifest.xml:22:5-26:19
MERGED from [com.android.support:support-compat:28.0.0] AndroidManifest.xml:22:5-94
MERGED from [com.android.support:support-compat:28.0.0] AndroidManifest.xml:22:5-94
MERGED from [com.android.support:versionedparcelable:28.0.0] AndroidManifest.xml:22:5-23:19
MERGED from [com.android.support:versionedparcelable:28.0.0] AndroidManifest.xml:22:5-23:19
MERGED from [com.github.bumptech.glide:gifdecoder:4.8.0] AndroidManifest.xml:9:5-20
MERGED from [com.github.bumptech.glide:gifdecoder:4.8.0] AndroidManifest.xml:9:5-20
	android:appComponentFactory
		ADDED from [com.android.support:support-compat:28.0.0] AndroidManifest.xml:22:18-91
	android:supportsRtl
		ADDED from src\main\AndroidManifest.xml:15:9-35
	android:label
		ADDED from src\main\AndroidManifest.xml:13:9-41
	android:roundIcon
		ADDED from src\main\AndroidManifest.xml:14:9-54
	android:icon
		ADDED from src\main\AndroidManifest.xml:12:9-43
	android:allowBackup
		ADDED from src\main\AndroidManifest.xml:11:9-35
	android:theme
		ADDED from src\main\AndroidManifest.xml:16:9-40
	android:name
		ADDED from src\main\AndroidManifest.xml:10:9-31
activity#com.example.newapp.ForgetPasswordActivity
ADDED from src\main\AndroidManifest.xml:17:9-69
	android:name
		ADDED from src\main\AndroidManifest.xml:17:19-57
activity#com.example.newapp.PhoneLoginActivity
ADDED from src\main\AndroidManifest.xml:18:9-56
	android:name
		ADDED from src\main\AndroidManifest.xml:18:19-53
activity#com.example.newapp.ChatActivity
ADDED from src\main\AndroidManifest.xml:19:9-21:58
	android:parentActivityName
		ADDED from src\main\AndroidManifest.xml:21:13-55
	android:name
		ADDED from src\main\AndroidManifest.xml:20:13-41
activity#com.example.newapp.TestActivity
ADDED from src\main\AndroidManifest.xml:22:9-50
	android:name
		ADDED from src\main\AndroidManifest.xml:22:19-47
activity#com.example.newapp.WeatherActivity
ADDED from src\main\AndroidManifest.xml:23:9-25:58
	android:parentActivityName
		ADDED from src\main\AndroidManifest.xml:25:13-55
	android:name
		ADDED from src\main\AndroidManifest.xml:24:13-44
service#com.example.newapp.FirebaseMessagingService
ADDED from src\main\AndroidManifest.xml:27:9-33:19
	android:exported
		ADDED from src\main\AndroidManifest.xml:29:13-37
	android:name
		ADDED from src\main\AndroidManifest.xml:28:13-53
intent-filter#action:name:com.google.firebase.MESSAGING_EVENT
ADDED from src\main\AndroidManifest.xml:30:13-32:29
action#com.google.firebase.MESSAGING_EVENT
ADDED from src\main\AndroidManifest.xml:31:17-78
	android:name
		ADDED from src\main\AndroidManifest.xml:31:25-75
activity#com.example.newapp.ProfileActivity
ADDED from src\main\AndroidManifest.xml:35:9-41:20
	android:name
		ADDED from src\main\AndroidManifest.xml:35:19-50
intent-filter#action:name:com.example.newapp_TARGET_NOTIFICATION+category:name:android.intent.category.DEFAULT
ADDED from src\main\AndroidManifest.xml:36:13-40:29
action#com.example.newapp_TARGET_NOTIFICATION
ADDED from src\main\AndroidManifest.xml:37:17-81
	android:name
		ADDED from src\main\AndroidManifest.xml:37:25-78
category#android.intent.category.DEFAULT
ADDED from src\main\AndroidManifest.xml:39:17-76
	android:name
		ADDED from src\main\AndroidManifest.xml:39:27-73
activity#com.example.newapp.UsersActivity
ADDED from src\main\AndroidManifest.xml:42:9-44:58
	android:parentActivityName
		ADDED from src\main\AndroidManifest.xml:44:13-55
	android:name
		ADDED from src\main\AndroidManifest.xml:43:13-42
activity#com.example.newapp.StatusActivity
ADDED from src\main\AndroidManifest.xml:45:9-47:62
	android:parentActivityName
		ADDED from src\main\AndroidManifest.xml:47:13-59
	android:name
		ADDED from src\main\AndroidManifest.xml:46:13-43
activity#com.example.newapp.SettingsActivity
ADDED from src\main\AndroidManifest.xml:48:9-50:58
	android:parentActivityName
		ADDED from src\main\AndroidManifest.xml:50:13-55
	android:name
		ADDED from src\main\AndroidManifest.xml:49:13-45
activity#com.example.newapp.LoginActivity
ADDED from src\main\AndroidManifest.xml:51:9-53:59
	android:parentActivityName
		ADDED from src\main\AndroidManifest.xml:53:13-56
	android:name
		ADDED from src\main\AndroidManifest.xml:52:13-42
activity#com.example.newapp.RegisterActivity
ADDED from src\main\AndroidManifest.xml:54:9-56:59
	android:parentActivityName
		ADDED from src\main\AndroidManifest.xml:56:13-56
	android:name
		ADDED from src\main\AndroidManifest.xml:55:13-45
activity#com.example.newapp.StartActivity
ADDED from src\main\AndroidManifest.xml:57:9-51
	android:name
		ADDED from src\main\AndroidManifest.xml:57:19-48
activity#com.example.newapp.MainActivity
ADDED from src\main\AndroidManifest.xml:58:9-64:20
	android:name
		ADDED from src\main\AndroidManifest.xml:58:19-47
intent-filter#action:name:android.intent.action.MAIN+category:name:android.intent.category.LAUNCHER
ADDED from src\main\AndroidManifest.xml:59:13-63:29
action#android.intent.action.MAIN
ADDED from src\main\AndroidManifest.xml:60:17-69
	android:name
		ADDED from src\main\AndroidManifest.xml:60:25-66
category#android.intent.category.LAUNCHER
ADDED from src\main\AndroidManifest.xml:62:17-77
	android:name
		ADDED from src\main\AndroidManifest.xml:62:27-74
uses-sdk
INJECTED from src\main\AndroidManifest.xml reason: use-sdk injection requested
INJECTED from src\main\AndroidManifest.xml
INJECTED from src\main\AndroidManifest.xml
MERGED from [com.firebaseui:firebase-ui-database:1.2.0] AndroidManifest.xml:7:5-9:41
MERGED from [com.firebaseui:firebase-ui-database:1.2.0] AndroidManifest.xml:7:5-9:41
MERGED from [com.iceteck.silicompressorr:silicompressor:2.0] AndroidManifest.xml:7:5-9:41
MERGED from [com.iceteck.silicompressorr:silicompressor:2.0] AndroidManifest.xml:7:5-9:41
MERGED from [com.android.support:design:28.0.0] AndroidManifest.xml:20:5-44
MERGED from [com.android.support:design:28.0.0] AndroidManifest.xml:20:5-44
MERGED from [com.android.support:appcompat-v7:28.0.0] AndroidManifest.xml:20:5-44
MERGED from [com.android.support:appcompat-v7:28.0.0] AndroidManifest.xml:20:5-44
MERGED from [com.android.support.constraint:constraint-layout:1.1.3] AndroidManifest.xml:5:5-7:41
MERGED from [com.android.support.constraint:constraint-layout:1.1.3] AndroidManifest.xml:5:5-7:41
MERGED from [com.google.firebase:firebase-auth:17.0.0] AndroidManifest.xml:21:5-44
MERGED from [com.google.firebase:firebase-auth:17.0.0] AndroidManifest.xml:21:5-44
MERGED from [de.hdodenhof:circleimageview:3.0.0] AndroidManifest.xml:5:5-7:41
MERGED from [de.hdodenhof:circleimageview:3.0.0] AndroidManifest.xml:5:5-7:41
MERGED from [com.google.firebase:firebase-database:17.0.0] AndroidManifest.xml:19:5-21:41
MERGED from [com.google.firebase:firebase-database:17.0.0] AndroidManifest.xml:19:5-21:41
MERGED from [com.firebaseui:firebase-ui-storage:4.3.1] AndroidManifest.xml:7:5-9:41
MERGED from [com.firebaseui:firebase-ui-storage:4.3.1] AndroidManifest.xml:7:5-9:41
MERGED from [id.zelory:compressor:2.0.0] AndroidManifest.xml:8:5-10:41
MERGED from [id.zelory:compressor:2.0.0] AndroidManifest.xml:8:5-10:41
MERGED from [com.google.firebase:firebase-storage:17.0.0] AndroidManifest.xml:20:5-22:41
MERGED from [com.google.firebase:firebase-storage:17.0.0] AndroidManifest.xml:20:5-22:41
MERGED from [com.google.firebase:firebase-messaging:18.0.0] AndroidManifest.xml:20:5-44
MERGED from [com.google.firebase:firebase-messaging:18.0.0] AndroidManifest.xml:20:5-44
MERGED from [com.android.support:recyclerview-v7:28.0.0] AndroidManifest.xml:20:5-44
MERGED from [com.android.support:recyclerview-v7:28.0.0] AndroidManifest.xml:20:5-44
MERGED from [com.github.bumptech.glide:glide:4.8.0] AndroidManifest.xml:6:5-8:41
MERGED from [com.github.bumptech.glide:glide:4.8.0] AndroidManifest.xml:6:5-8:41
MERGED from [com.google.android.gms:play-services-flags:16.0.1] AndroidManifest.xml:20:5-44
MERGED from [com.google.android.gms:play-services-flags:16.0.1] AndroidManifest.xml:20:5-44
MERGED from [com.google.firebase:firebase-auth-interop:17.0.0] AndroidManifest.xml:5:5-44
MERGED from [com.google.firebase:firebase-auth-interop:17.0.0] AndroidManifest.xml:5:5-44
MERGED from [com.google.firebase:firebase-iid:18.0.0] AndroidManifest.xml:20:5-44
MERGED from [com.google.firebase:firebase-iid:18.0.0] AndroidManifest.xml:20:5-44
MERGED from [com.google.firebase:firebase-iid-interop:16.0.1] AndroidManifest.xml:5:5-44
MERGED from [com.google.firebase:firebase-iid-interop:16.0.1] AndroidManifest.xml:5:5-44
MERGED from [com.google.android.gms:play-services-base:16.0.1] AndroidManifest.xml:20:5-44
MERGED from [com.google.android.gms:play-services-base:16.0.1] AndroidManifest.xml:20:5-44
MERGED from [com.google.firebase:firebase-common:17.0.0] AndroidManifest.xml:6:5-8:41
MERGED from [com.google.firebase:firebase-common:17.0.0] AndroidManifest.xml:6:5-8:41
MERGED from [com.google.android.gms:play-services-tasks:16.0.1] AndroidManifest.xml:5:5-44
MERGED from [com.google.android.gms:play-services-tasks:16.0.1] AndroidManifest.xml:5:5-44
MERGED from [com.google.firebase:firebase-measurement-connector:17.0.1] AndroidManifest.xml:20:5-44
MERGED from [com.google.firebase:firebase-measurement-connector:17.0.1] AndroidManifest.xml:20:5-44
MERGED from [com.google.android.gms:play-services-stats:16.0.1] AndroidManifest.xml:5:5-44
MERGED from [com.google.android.gms:play-services-stats:16.0.1] AndroidManifest.xml:5:5-44
MERGED from [com.google.android.gms:play-services-basement:16.1.0] AndroidManifest.xml:20:5-44
MERGED from [com.google.android.gms:play-services-basement:16.1.0] AndroidManifest.xml:20:5-44
MERGED from [com.android.support:support-v4:28.0.0] AndroidManifest.xml:20:5-44
MERGED from [com.android.support:support-v4:28.0.0] AndroidManifest.xml:20:5-44
MERGED from [com.android.support:support-fragment:28.0.0] AndroidManifest.xml:20:5-44
MERGED from [com.android.support:support-fragment:28.0.0] AndroidManifest.xml:20:5-44
MERGED from [com.android.support:animated-vector-drawable:28.0.0] AndroidManifest.xml:20:5-44
MERGED from [com.android.support:animated-vector-drawable:28.0.0] AndroidManifest.xml:20:5-44
MERGED from [com.android.support:support-core-ui:28.0.0] AndroidManifest.xml:20:5-44
MERGED from [com.android.support:support-core-ui:28.0.0] AndroidManifest.xml:20:5-44
MERGED from [com.android.support:support-core-utils:28.0.0] AndroidManifest.xml:20:5-44
MERGED from [com.android.support:support-core-utils:28.0.0] AndroidManifest.xml:20:5-44
MERGED from [com.android.support:support-vector-drawable:28.0.0] AndroidManifest.xml:20:5-44
MERGED from [com.android.support:support-vector-drawable:28.0.0] AndroidManifest.xml:20:5-44
MERGED from [com.android.support:transition:28.0.0] AndroidManifest.xml:20:5-44
MERGED from [com.android.support:transition:28.0.0] AndroidManifest.xml:20:5-44
MERGED from [com.android.support:loader:28.0.0] AndroidManifest.xml:20:5-44
MERGED from [com.android.support:loader:28.0.0] AndroidManifest.xml:20:5-44
MERGED from [com.android.support:support-media-compat:28.0.0] AndroidManifest.xml:20:5-44
MERGED from [com.android.support:support-media-compat:28.0.0] AndroidManifest.xml:20:5-44
MERGED from [com.android.support:viewpager:28.0.0] AndroidManifest.xml:20:5-44
MERGED from [com.android.support:viewpager:28.0.0] AndroidManifest.xml:20:5-44
MERGED from [com.android.support:coordinatorlayout:28.0.0] AndroidManifest.xml:20:5-44
MERGED from [com.android.support:coordinatorlayout:28.0.0] AndroidManifest.xml:20:5-44
MERGED from [com.android.support:drawerlayout:28.0.0] AndroidManifest.xml:20:5-44
MERGED from [com.android.support:drawerlayout:28.0.0] AndroidManifest.xml:20:5-44
MERGED from [com.android.support:slidingpanelayout:28.0.0] AndroidManifest.xml:20:5-44
MERGED from [com.android.support:slidingpanelayout:28.0.0] AndroidManifest.xml:20:5-44
MERGED from [com.android.support:customview:28.0.0] AndroidManifest.xml:20:5-44
MERGED from [com.android.support:customview:28.0.0] AndroidManifest.xml:20:5-44
MERGED from [com.android.support:swiperefreshlayout:28.0.0] AndroidManifest.xml:20:5-44
MERGED from [com.android.support:swiperefreshlayout:28.0.0] AndroidManifest.xml:20:5-44
MERGED from [com.android.support:asynclayoutinflater:28.0.0] AndroidManifest.xml:20:5-44
MERGED from [com.android.support:asynclayoutinflater:28.0.0] AndroidManifest.xml:20:5-44
MERGED from [com.android.support:support-compat:28.0.0] AndroidManifest.xml:20:5-44
MERGED from [com.android.support:support-compat:28.0.0] AndroidManifest.xml:20:5-44
MERGED from [com.android.support:versionedparcelable:28.0.0] AndroidManifest.xml:20:5-44
MERGED from [com.android.support:versionedparcelable:28.0.0] AndroidManifest.xml:20:5-44
MERGED from [com.android.support:cursoradapter:28.0.0] AndroidManifest.xml:20:5-44
MERGED from [com.android.support:cursoradapter:28.0.0] AndroidManifest.xml:20:5-44
MERGED from [com.android.support:cardview-v7:28.0.0] AndroidManifest.xml:20:5-44
MERGED from [com.android.support:cardview-v7:28.0.0] AndroidManifest.xml:20:5-44
MERGED from [android.arch.lifecycle:runtime:1.1.1] AndroidManifest.xml:20:5-44
MERGED from [android.arch.lifecycle:runtime:1.1.1] AndroidManifest.xml:20:5-44
MERGED from [com.android.support:documentfile:28.0.0] AndroidManifest.xml:20:5-44
MERGED from [com.android.support:documentfile:28.0.0] AndroidManifest.xml:20:5-44
MERGED from [com.android.support:localbroadcastmanager:28.0.0] AndroidManifest.xml:20:5-44
MERGED from [com.android.support:localbroadcastmanager:28.0.0] AndroidManifest.xml:20:5-44
MERGED from [com.android.support:print:28.0.0] AndroidManifest.xml:20:5-44
MERGED from [com.android.support:print:28.0.0] AndroidManifest.xml:20:5-44
MERGED from [android.arch.lifecycle:viewmodel:1.1.1] AndroidManifest.xml:20:5-44
MERGED from [android.arch.lifecycle:viewmodel:1.1.1] AndroidManifest.xml:20:5-44
MERGED from [com.github.bumptech.glide:gifdecoder:4.8.0] AndroidManifest.xml:5:5-7:41
MERGED from [com.github.bumptech.glide:gifdecoder:4.8.0] AndroidManifest.xml:5:5-7:41
MERGED from [com.android.support:interpolator:28.0.0] AndroidManifest.xml:20:5-44
MERGED from [com.android.support:interpolator:28.0.0] AndroidManifest.xml:20:5-44
MERGED from [android.arch.lifecycle:livedata:1.1.1] AndroidManifest.xml:20:5-44
MERGED from [android.arch.lifecycle:livedata:1.1.1] AndroidManifest.xml:20:5-44
MERGED from [android.arch.lifecycle:livedata-core:1.1.1] AndroidManifest.xml:20:5-44
MERGED from [android.arch.lifecycle:livedata-core:1.1.1] AndroidManifest.xml:20:5-44
MERGED from [android.arch.core:runtime:1.1.1] AndroidManifest.xml:20:5-44
MERGED from [android.arch.core:runtime:1.1.1] AndroidManifest.xml:20:5-44
MERGED from [com.google.firebase:firebase-database-collection:16.0.1] AndroidManifest.xml:5:5-44
MERGED from [com.google.firebase:firebase-database-collection:16.0.1] AndroidManifest.xml:5:5-44
INJECTED from src\main\AndroidManifest.xml
INJECTED from src\main\AndroidManifest.xml
	android:targetSdkVersion
		INJECTED from src\main\AndroidManifest.xml
		ADDED from src\main\AndroidManifest.xml
		INJECTED from src\main\AndroidManifest.xml
	android:minSdkVersion
		INJECTED from src\main\AndroidManifest.xml
		ADDED from src\main\AndroidManifest.xml
		INJECTED from src\main\AndroidManifest.xml
meta-data#com.google.android.gms.version
ADDED from [com.firebaseui:firebase-ui-database:1.2.0] AndroidManifest.xml:14:9-16:69
MERGED from [com.google.android.gms:play-services-basement:16.1.0] AndroidManifest.xml:23:9-25:69
MERGED from [com.google.android.gms:play-services-basement:16.1.0] AndroidManifest.xml:23:9-25:69
	android:value
		ADDED from [com.firebaseui:firebase-ui-database:1.2.0] AndroidManifest.xml:16:13-66
	android:name
		ADDED from [com.firebaseui:firebase-ui-database:1.2.0] AndroidManifest.xml:15:13-58
activity#com.google.firebase.auth.internal.FederatedSignInActivity
ADDED from [com.google.firebase:firebase-auth:17.0.0] AndroidManifest.xml:24:9-31:50
	android:excludeFromRecents
		ADDED from [com.google.firebase:firebase-auth:17.0.0] AndroidManifest.xml:26:13-46
	android:launchMode
		ADDED from [com.google.firebase:firebase-auth:17.0.0] AndroidManifest.xml:28:13-44
	android:exported
		ADDED from [com.google.firebase:firebase-auth:17.0.0] AndroidManifest.xml:27:13-36
	android:permission
		ADDED from [com.google.firebase:firebase-auth:17.0.0] AndroidManifest.xml:29:13-102
	android:theme
		ADDED from [com.google.firebase:firebase-auth:17.0.0] AndroidManifest.xml:30:13-72
	tools:replace
		ADDED from [com.google.firebase:firebase-auth:17.0.0] AndroidManifest.xml:31:13-47
	android:name
		ADDED from [com.google.firebase:firebase-auth:17.0.0] AndroidManifest.xml:25:13-85
service#com.google.firebase.components.ComponentDiscoveryService
ADDED from [com.google.firebase:firebase-auth:17.0.0] AndroidManifest.xml:33:9-39:19
MERGED from [com.google.firebase:firebase-database:17.0.0] AndroidManifest.xml:29:9-33:19
MERGED from [com.google.firebase:firebase-database:17.0.0] AndroidManifest.xml:29:9-33:19
MERGED from [com.google.firebase:firebase-storage:17.0.0] AndroidManifest.xml:30:9-34:19
MERGED from [com.google.firebase:firebase-storage:17.0.0] AndroidManifest.xml:30:9-34:19
MERGED from [com.google.firebase:firebase-iid:18.0.0] AndroidManifest.xml:29:9-35:19
MERGED from [com.google.firebase:firebase-iid:18.0.0] AndroidManifest.xml:29:9-35:19
	android:exported
		ADDED from [com.google.firebase:firebase-auth:17.0.0] AndroidManifest.xml:35:13-37
	android:name
		ADDED from [com.google.firebase:firebase-auth:17.0.0] AndroidManifest.xml:34:13-84
meta-data#com.google.firebase.components:com.google.firebase.auth.FirebaseAuthRegistrar
ADDED from [com.google.firebase:firebase-auth:17.0.0] AndroidManifest.xml:36:13-38:85
	android:value
		ADDED from [com.google.firebase:firebase-auth:17.0.0] AndroidManifest.xml:38:17-82
	android:name
		ADDED from [com.google.firebase:firebase-auth:17.0.0] AndroidManifest.xml:37:17-109
uses-permission#android.permission.ACCESS_NETWORK_STATE
ADDED from [com.google.firebase:firebase-database:17.0.0] AndroidManifest.xml:25:5-79
MERGED from [com.google.firebase:firebase-storage:17.0.0] AndroidManifest.xml:26:5-79
MERGED from [com.google.firebase:firebase-storage:17.0.0] AndroidManifest.xml:26:5-79
MERGED from [com.google.firebase:firebase-iid:18.0.0] AndroidManifest.xml:22:5-79
MERGED from [com.google.firebase:firebase-iid:18.0.0] AndroidManifest.xml:22:5-79
	android:name
		ADDED from [com.google.firebase:firebase-database:17.0.0] AndroidManifest.xml:25:22-76
meta-data#com.google.firebase.components:com.google.firebase.database.DatabaseRegistrar
ADDED from [com.google.firebase:firebase-database:17.0.0] AndroidManifest.xml:30:13-32:85
	android:value
		ADDED from [com.google.firebase:firebase-database:17.0.0] AndroidManifest.xml:32:17-82
	android:name
		ADDED from [com.google.firebase:firebase-database:17.0.0] AndroidManifest.xml:31:17-109
meta-data#com.google.firebase.components:com.google.firebase.storage.StorageRegistrar
ADDED from [com.google.firebase:firebase-storage:17.0.0] AndroidManifest.xml:31:13-33:85
	android:value
		ADDED from [com.google.firebase:firebase-storage:17.0.0] AndroidManifest.xml:33:17-82
	android:name
		ADDED from [com.google.firebase:firebase-storage:17.0.0] AndroidManifest.xml:32:17-107
service#com.google.firebase.messaging.FirebaseMessagingService